SupermarketApp/app/build/intermediates/manifest_merge_blame_file/release/processReleaseMainManifest/manifest-merger-blame-release-report.txt
1<?xml version="1.0" encoding="utf-8"?>
2<manifest xmlns:android="http://schemas.android.com/apk/res/android"
3    package="com.supermarket"
4    android:versionCode="1"
5    android:versionName="1.0" >
6
7    <uses-sdk
8        android:minSdkVersion="24"
9        android:targetSdkVersion="34" />
10
11    <uses-permission android:name="android.permission.INTERNET" />
11-->src/main/AndroidManifest.xml:5:5-67
11-->src/main/AndroidManifest.xml:5:22-64
12    <uses-permission android:name="android.permission.ACCESS_NETWORK_STATE" />
12-->src/main/AndroidManifest.xml:6:5-79
12-->src/main/AndroidManifest.xml:6:22-76
13
14    <permission
14-->[androidx.core:core:1.12.0] AndroidManifest.xml:22:5-24:47
15        android:name="com.supermarket.DYNAMIC_RECEIVER_NOT_EXPORTED_PERMISSION"
15-->[androidx.core:core:1.12.0] AndroidManifest.xml:23:9-81
16        android:protectionLevel="signature" />
16-->[androidx.core:core:1.12.0] AndroidManifest.xml:24:9-44
17
18    <uses-permission android:name="com.supermarket.DYNAMIC_RECEIVER_NOT_EXPORTED_PERMISSION" />
18-->[androidx.core:core:1.12.0] AndroidManifest.xml:26:5-97
18-->[androidx.core:core:1.12.0] AndroidManifest.xml:26:22-94
19
20    <application
20-->src/main/AndroidManifest.xml:8:5-65:19
21        android:allowBackup="true"
21-->src/main/AndroidManifest.xml:9:9-35
22        android:appComponentFactory="androidx.core.app.CoreComponentFactory"
22-->[androidx.core:core:1.12.0] AndroidManifest.xml:28:18-86
23        android:dataExtractionRules="@xml/data_extraction_rules"
23-->src/main/AndroidManifest.xml:10:9-65
24        android:extractNativeLibs="false"
25        android:fullBackupContent="@xml/backup_rules"
25-->src/main/AndroidManifest.xml:11:9-54
26        android:icon="@mipmap/ic_launcher"
26-->src/main/AndroidManifest.xml:12:9-43
27        android:label="@string/app_name"
27-->src/main/AndroidManifest.xml:13:9-41
28        android:networkSecurityConfig="@xml/network_security_config"
28-->src/main/AndroidManifest.xml:18:9-69
29        android:roundIcon="@mipmap/ic_launcher_round"
29-->src/main/AndroidManifest.xml:14:9-54
30        android:supportsRtl="true"
30-->src/main/AndroidManifest.xml:15:9-35
31        android:theme="@style/Theme.SupermarketApp"
31-->src/main/AndroidManifest.xml:16:9-52
32        android:usesCleartextTraffic="false" >
32-->src/main/AndroidManifest.xml:17:9-45
33        <activity
33-->src/main/AndroidManifest.xml:21:9-28:20
34            android:name="com.supermarket.MainActivity"
34-->src/main/AndroidManifest.xml:22:13-41
35            android:exported="true" >
35-->src/main/AndroidManifest.xml:23:13-36
36            <intent-filter>
36-->src/main/AndroidManifest.xml:24:13-27:29
37                <action android:name="android.intent.action.MAIN" />
37-->src/main/AndroidManifest.xml:25:17-69
37-->src/main/AndroidManifest.xml:25:25-66
38
39                <category android:name="android.intent.category.LAUNCHER" />
39-->src/main/AndroidManifest.xml:26:17-77
39-->src/main/AndroidManifest.xml:26:27-74
40            </intent-filter>
41        </activity>
42        <activity
42-->src/main/AndroidManifest.xml:30:9-32:40
43            android:name="com.supermarket.ui.auth.LoginActivity"
43-->src/main/AndroidManifest.xml:31:13-50
44            android:exported="false" />
44-->src/main/AndroidManifest.xml:32:13-37
45        <activity
45-->src/main/AndroidManifest.xml:34:9-36:40
46            android:name="com.supermarket.ui.auth.RegisterActivity"
46-->src/main/AndroidManifest.xml:35:13-53
47            android:exported="false" />
47-->src/main/AndroidManifest.xml:36:13-37
48        <activity
48-->src/main/AndroidManifest.xml:38:9-40:40
49            android:name="com.supermarket.ui.customer.CustomerDashboardActivity"
49-->src/main/AndroidManifest.xml:39:13-66
50            android:exported="false" />
50-->src/main/AndroidManifest.xml:40:13-37
51        <activity
51-->src/main/AndroidManifest.xml:42:9-44:40
52            android:name="com.supermarket.ui.customer.BranchSelectionActivity"
52-->src/main/AndroidManifest.xml:43:13-64
53            android:exported="false" />
53-->src/main/AndroidManifest.xml:44:13-37
54        <activity
54-->src/main/AndroidManifest.xml:46:9-48:40
55            android:name="com.supermarket.ui.customer.ProductListActivity"
55-->src/main/AndroidManifest.xml:47:13-60
56            android:exported="false" />
56-->src/main/AndroidManifest.xml:48:13-37
57        <activity
57-->src/main/AndroidManifest.xml:50:9-52:40
58            android:name="com.supermarket.ui.customer.CartActivity"
58-->src/main/AndroidManifest.xml:51:13-53
59            android:exported="false" />
59-->src/main/AndroidManifest.xml:52:13-37
60        <activity
60-->src/main/AndroidManifest.xml:54:9-56:40
61            android:name="com.supermarket.ui.admin.AdminDashboardActivity"
61-->src/main/AndroidManifest.xml:55:13-60
62            android:exported="false" />
62-->src/main/AndroidManifest.xml:56:13-37
63        <activity
63-->src/main/AndroidManifest.xml:58:9-60:40
64            android:name="com.supermarket.ui.admin.RestockActivity"
64-->src/main/AndroidManifest.xml:59:13-53
65            android:exported="false" />
65-->src/main/AndroidManifest.xml:60:13-37
66        <activity
66-->src/main/AndroidManifest.xml:62:9-64:40
67            android:name="com.supermarket.ui.admin.ReportsActivity"
67-->src/main/AndroidManifest.xml:63:13-53
68            android:exported="false" />
68-->src/main/AndroidManifest.xml:64:13-37
69
70        <provider
70-->[androidx.emoji2:emoji2:1.2.0] AndroidManifest.xml:24:9-32:20
71            android:name="androidx.startup.InitializationProvider"
71-->[androidx.emoji2:emoji2:1.2.0] AndroidManifest.xml:25:13-67
72            android:authorities="com.supermarket.androidx-startup"
72-->[androidx.emoji2:emoji2:1.2.0] AndroidManifest.xml:26:13-68
73            android:exported="false" >
73-->[androidx.emoji2:emoji2:1.2.0] AndroidManifest.xml:27:13-37
74            <meta-data
74-->[androidx.emoji2:emoji2:1.2.0] AndroidManifest.xml:29:13-31:52
75                android:name="androidx.emoji2.text.EmojiCompatInitializer"
75-->[androidx.emoji2:emoji2:1.2.0] AndroidManifest.xml:30:17-75
76                android:value="androidx.startup" />
76-->[androidx.emoji2:emoji2:1.2.0] AndroidManifest.xml:31:17-49
77            <meta-data
77-->[androidx.lifecycle:lifecycle-process:2.7.0] AndroidManifest.xml:29:13-31:52
78                android:name="androidx.lifecycle.ProcessLifecycleInitializer"
78-->[androidx.lifecycle:lifecycle-process:2.7.0] AndroidManifest.xml:30:17-78
79                android:value="androidx.startup" />
79-->[androidx.lifecycle:lifecycle-process:2.7.0] AndroidManifest.xml:31:17-49
80            <meta-data
80-->[androidx.profileinstaller:profileinstaller:1.3.0] AndroidManifest.xml:29:13-31:52
81                android:name="androidx.profileinstaller.ProfileInstallerInitializer"
81-->[androidx.profileinstaller:profileinstaller:1.3.0] AndroidManifest.xml:30:17-85
82                android:value="androidx.startup" />
82-->[androidx.profileinstaller:profileinstaller:1.3.0] AndroidManifest.xml:31:17-49
83        </provider>
84
85        <uses-library
85-->[androidx.window:window:1.0.0] AndroidManifest.xml:25:9-27:40
86            android:name="androidx.window.extensions"
86-->[androidx.window:window:1.0.0] AndroidManifest.xml:26:13-54
87            android:required="false" />
87-->[androidx.window:window:1.0.0] AndroidManifest.xml:27:13-37
88        <uses-library
88-->[androidx.window:window:1.0.0] AndroidManifest.xml:28:9-30:40
89            android:name="androidx.window.sidecar"
89-->[androidx.window:window:1.0.0] AndroidManifest.xml:29:13-51
90            android:required="false" />
90-->[androidx.window:window:1.0.0] AndroidManifest.xml:30:13-37
91
92        <receiver
92-->[androidx.profileinstaller:profileinstaller:1.3.0] AndroidManifest.xml:34:9-52:20
93            android:name="androidx.profileinstaller.ProfileInstallReceiver"
93-->[androidx.profileinstaller:profileinstaller:1.3.0] AndroidManifest.xml:35:13-76
94            android:directBootAware="false"
94-->[androidx.profileinstaller:profileinstaller:1.3.0] AndroidManifest.xml:36:13-44
95            android:enabled="true"
95-->[androidx.profileinstaller:profileinstaller:1.3.0] AndroidManifest.xml:37:13-35
96            android:exported="true"
96-->[androidx.profileinstaller:profileinstaller:1.3.0] AndroidManifest.xml:38:13-36
97            android:permission="android.permission.DUMP" >
97-->[androidx.profileinstaller:profileinstaller:1.3.0] AndroidManifest.xml:39:13-57
98            <intent-filter>
98-->[androidx.profileinstaller:profileinstaller:1.3.0] AndroidManifest.xml:40:13-42:29
99                <action android:name="androidx.profileinstaller.action.INSTALL_PROFILE" />
99-->[androidx.profileinstaller:profileinstaller:1.3.0] AndroidManifest.xml:41:17-91
99-->[androidx.profileinstaller:profileinstaller:1.3.0] AndroidManifest.xml:41:25-88
100            </intent-filter>
101            <intent-filter>
101-->[androidx.profileinstaller:profileinstaller:1.3.0] AndroidManifest.xml:43:13-45:29
102                <action android:name="androidx.profileinstaller.action.SKIP_FILE" />
102-->[androidx.profileinstaller:profileinstaller:1.3.0] AndroidManifest.xml:44:17-85
102-->[androidx.profileinstaller:profileinstaller:1.3.0] AndroidManifest.xml:44:25-82
103            </intent-filter>
104            <intent-filter>
104-->[androidx.profileinstaller:profileinstaller:1.3.0] AndroidManifest.xml:46:13-48:29
105                <action android:name="androidx.profileinstaller.action.SAVE_PROFILE" />
105-->[androidx.profileinstaller:profileinstaller:1.3.0] AndroidManifest.xml:47:17-88
105-->[androidx.profileinstaller:profileinstaller:1.3.0] AndroidManifest.xml:47:25-85
106            </intent-filter>
107            <intent-filter>
107-->[androidx.profileinstaller:profileinstaller:1.3.0] AndroidManifest.xml:49:13-51:29
108                <action android:name="androidx.profileinstaller.action.BENCHMARK_OPERATION" />
108-->[androidx.profileinstaller:profileinstaller:1.3.0] AndroidManifest.xml:50:17-95
108-->[androidx.profileinstaller:profileinstaller:1.3.0] AndroidManifest.xml:50:25-92
109            </intent-filter>
110        </receiver>
111    </application>
112
113</manifest>